INFO  06:24:35 Application started. Press Ctrl+C to shut down.
INFO  06:24:35 Hosting environment: Development
INFO  06:24:35 Content root path: C:\Users\2064827\source\repos\MFPE\QuotesAPI
INFO  06:28:10 Application started. Press Ctrl+C to shut down.
INFO  06:28:10 Hosting environment: Development
INFO  06:28:10 Content root path: C:\Users\2064827\source\repos\MFPE\QuotesAPI
INFO  06:28:21 Serching for the Range of BusinessValue and PropertyValue
INFO  06:28:24 Quote Value is returned
INFO  06:28:29 Serching for the Range of BusinessValue and PropertyValue
INFO  06:28:29 No Quote found so returing 0
INFO  07:16:40 Application started. Press Ctrl+C to shut down.
INFO  07:16:40 Hosting environment: Development
INFO  07:16:40 Content root path: C:\Users\2064827\source\repos\MFPE\QuotesAPI
INFO  07:18:35 Serching for the Range of BusinessValue and PropertyValue
INFO  07:18:38 Quote Value is returned
INFO  08:28:00 Application started. Press Ctrl+C to shut down.
INFO  08:28:01 Hosting environment: Development
INFO  08:28:01 Content root path: C:\Users\2064827\source\repos\MFPE\QuotesAPI
INFO  08:33:54 Serching for the Range of BusinessValue and PropertyValue
INFO  08:33:59 Quote Value is returned
INFO  08:38:09 Application started. Press Ctrl+C to shut down.
INFO  08:38:09 Hosting environment: Development
INFO  08:38:09 Content root path: C:\Users\2064827\source\repos\MFPE\QuotesAPI
INFO  08:38:27 Serching for the Range of BusinessValue and PropertyValue
INFO  08:38:29 Quote Value is returned
INFO  08:45:49 Application started. Press Ctrl+C to shut down.
INFO  08:45:49 Hosting environment: Development
INFO  08:45:49 Content root path: C:\Users\2064827\source\repos\MFPE\QuotesAPI
INFO  08:46:08 Serching for the Range of BusinessValue and PropertyValue
INFO  08:46:14 Quote Value is returned
INFO  08:47:07 Serching for the Range of BusinessValue and PropertyValue
INFO  08:47:07 Quote Value is returned
INFO  08:52:23 Serching for the Range of BusinessValue and PropertyValue
INFO  08:52:23 Quote Value is returned
INFO  09:17:04 Application started. Press Ctrl+C to shut down.
INFO  09:17:04 Hosting environment: Development
INFO  09:17:04 Content root path: C:\Users\2064827\source\repos\MFPE\QuotesAPI
INFO  09:17:23 Serching for the Range of BusinessValue and PropertyValue
INFO  09:17:26 Quote Value is returned
INFO  09:19:24 Application started. Press Ctrl+C to shut down.
INFO  09:19:24 Hosting environment: Development
INFO  09:19:24 Content root path: C:\Users\2064827\source\repos\MFPE\QuotesAPI
INFO  09:19:39 Serching for the Range of BusinessValue and PropertyValue
INFO  09:19:42 Quote Value is returned
INFO  09:21:06 Application started. Press Ctrl+C to shut down.
INFO  09:21:06 Hosting environment: Development
INFO  09:21:06 Content root path: C:\Users\2064827\source\repos\MFPE\QuotesAPI
INFO  09:22:11 Application started. Press Ctrl+C to shut down.
INFO  09:22:11 Hosting environment: Development
INFO  09:22:11 Content root path: C:\Users\2064827\source\repos\MFPE\QuotesAPI
INFO  09:22:28 Serching for the Range of BusinessValue and PropertyValue
INFO  09:22:31 Quote Value is returned
INFO  09:34:07 Application started. Press Ctrl+C to shut down.
INFO  09:34:07 Hosting environment: Development
INFO  09:34:07 Content root path: C:\Users\2064827\source\repos\MFPE\QuotesAPI
INFO  09:34:26 Serching for the Range of BusinessValue and PropertyValue
INFO  09:34:28 Quote Value is returned
INFO  10:24:47 Application started. Press Ctrl+C to shut down.
INFO  10:24:47 Hosting environment: Development
INFO  10:24:47 Content root path: C:\Users\2064827\source\repos\MFPE\QuotesAPI
INFO  10:25:48 Serching for the Range of BusinessValue and PropertyValue
INFO  10:25:50 Quote Value is returned
INFO  10:50:01 Application started. Press Ctrl+C to shut down.
INFO  10:50:01 Hosting environment: Development
INFO  10:50:02 Content root path: C:\Users\2064827\source\repos\MFPE\QuotesAPI
INFO  10:50:20 Serching for the Range of BusinessValue and PropertyValue
INFO  10:50:22 Quote Value is returned
INFO  10:51:27 Serching for the Range of BusinessValue and PropertyValue
INFO  10:51:27 Quote Value is returned
INFO  11:25:25 Application started. Press Ctrl+C to shut down.
INFO  11:25:25 Hosting environment: Development
INFO  11:25:25 Content root path: C:\Users\2064827\source\repos\MFPE\QuotesAPI
INFO  11:26:39 Serching for the Range of BusinessValue and PropertyValue
INFO  11:26:41 Quote Value is returned
INFO  11:28:27 Serching for the Range of BusinessValue and PropertyValue
INFO  11:28:27 Quote Value is returned
INFO  11:41:48 Application started. Press Ctrl+C to shut down.
INFO  11:41:48 Hosting environment: Development
INFO  11:41:48 Content root path: C:\Users\2064827\source\repos\MFPE\QuotesAPI
INFO  11:42:01 Serching for the Range of BusinessValue and PropertyValue
INFO  11:42:15 Serching for the Range of BusinessValue and PropertyValue
INFO  07:00:28 Application started. Press Ctrl+C to shut down.
INFO  07:00:28 Hosting environment: Development
INFO  07:00:28 Content root path: C:\Users\2064827\source\repos\MFPE\QuotesAPI
INFO  07:29:57 Serching for the Range of BusinessValue and PropertyValue
INFO  07:33:03 Application started. Press Ctrl+C to shut down.
INFO  07:33:03 Hosting environment: Development
INFO  07:33:03 Content root path: C:\Users\2064827\source\repos\MFPE\QuotesAPI
INFO  07:33:19 Serching for the Range of BusinessValue and PropertyValue
INFO  07:41:17 Serching for the Range of BusinessValue and PropertyValue
INFO  08:08:44 Serching for the Range of BusinessValue and PropertyValue
INFO  08:36:27 Serching for the Range of BusinessValue and PropertyValue
INFO  08:45:38 Serching for the Range of BusinessValue and PropertyValue
INFO  08:51:45 Serching for the Range of BusinessValue and PropertyValue
INFO  08:56:18 Serching for the Range of BusinessValue and PropertyValue
INFO  08:58:25 Serching for the Range of BusinessValue and PropertyValue
INFO  09:03:30 Serching for the Range of BusinessValue and PropertyValue
INFO  09:28:41 Serching for the Range of BusinessValue and PropertyValue
INFO  09:32:01 Serching for the Range of BusinessValue and PropertyValue
INFO  09:35:44 Serching for the Range of BusinessValue and PropertyValue
INFO  09:47:02 Serching for the Range of BusinessValue and PropertyValue
INFO  10:02:42 Serching for the Range of BusinessValue and PropertyValue
INFO  10:07:48 Serching for the Range of BusinessValue and PropertyValue
INFO  08:14:44 Application started. Press Ctrl+C to shut down.
INFO  08:14:44 Hosting environment: Development
INFO  08:14:44 Content root path: C:\Users\2064827\source\repos\MFPE\QuotesAPI
INFO  09:09:51 Serching for the Range of BusinessValue and PropertyValue
INFO  11:59:11 Application started. Press Ctrl+C to shut down.
INFO  11:59:11 Hosting environment: Development
INFO  11:59:11 Content root path: C:\Users\2064827\source\repos\MFPE\QuotesAPI
INFO  01:08:12 Serching for the Range of BusinessValue and PropertyValue
INFO  01:10:30 Serching for the Range of BusinessValue and PropertyValue
INFO  04:18:55 Application started. Press Ctrl+C to shut down.
INFO  04:18:55 Hosting environment: Development
INFO  04:18:56 Content root path: C:\Users\2064860\Downloads\QuotesAPI-master (1)\QuotesAPI-master
INFO  04:23:32 Serching for the Range of BusinessValue and PropertyValue
INFO  05:13:03 Application started. Press Ctrl+C to shut down.
INFO  05:13:03 Hosting environment: Development
INFO  05:13:04 Content root path: C:\Users\2064860\Downloads\QuotesAPI-master (1)\QuotesAPI-master
